2025-10-11 16:11:52,681 - INFO - API 키 로드 완료
2025-10-11 16:11:52,683 - INFO - API 호출 시도 1/3
2025-10-11 16:11:53,356 - INFO - 접속주소: http://openapi.seoul.go.kr:8088/6e6f4867496a696e363768426a436c/json/VwsmMegaSelngW/1/1000/
2025-10-11 16:11:53,357 - INFO - 응답코드: 200
2025-10-11 16:11:53,432 - INFO - API 호출 성공
2025-10-11 16:11:53,435 - INFO - 데이터 개수: 1000
2025-10-11 16:11:53,478 - INFO - DataFrame 생성: 1000 행
2025-10-11 16:11:53,517 - INFO - 데이터 처리 완료
2025-10-11 16:11:53,863 - INFO - CSV 파일 저장 완료: seoul_store_20251011_161153.csv
2025-10-11 16:11:54,077 - INFO - CSV 파일 저장 완료: seoul_store.csv
2025-10-11 16:11:57,084 - INFO - Excel 파일 저장 완료: output.xlsx
2025-10-11 16:11:57,084 - INFO - 프로그램 실행 완료
2025-10-11 16:12:31,242 - INFO - API 키 로드 완료
2025-10-11 16:12:31,243 - INFO - API 호출 시도 1/3
2025-10-11 16:12:31,634 - INFO - 접속주소: http://openapi.seoul.go.kr:8088/6e6f4867496a696e363768426a436c/json/VwsmMegaSelngW/1/1000/
2025-10-11 16:12:31,634 - INFO - 응답코드: 200
2025-10-11 16:12:31,700 - INFO - API 호출 성공
2025-10-11 16:12:31,701 - INFO - 데이터 개수: 1000
2025-10-11 16:12:31,725 - INFO - DataFrame 생성: 1000 행
2025-10-11 16:12:31,773 - INFO - 데이터 처리 완료
2025-10-11 16:12:32,076 - INFO - CSV 파일 저장 완료: seoul_store_20251011_161231.csv
2025-10-11 16:12:32,210 - INFO - CSV 파일 저장 완료: seoul_store.csv
2025-10-11 16:12:34,598 - INFO - Excel 파일 저장 완료: output.xlsx
2025-10-11 16:12:34,599 - INFO - 프로그램 실행 완료
